{"/usr/src/app/src/app.ts": {"path":"/usr/src/app/src/app.ts","statementMap":{"0":{"start":{"line":1,"column":0},"end":{"line":1,"column":53}},"1":{"start":{"line":2,"column":0},"end":{"line":2,"column":28}},"2":{"start":{"line":3,"column":0},"end":{"line":3,"column":24}},"3":{"start":{"line":4,"column":0},"end":{"line":4,"column":28}},"4":{"start":{"line":7,"column":0},"end":{"line":7,"column":48}},"5":{"start":{"line":8,"column":0},"end":{"line":8,"column":58}},"6":{"start":{"line":10,"column":0},"end":{"line":10,"column":45}},"7":{"start":{"line":11,"column":0},"end":{"line":11,"column":45}},"8":{"start":{"line":13,"column":12},"end":{"line":13,"column":21}},"9":{"start":{"line":16,"column":0},"end":{"line":16,"column":24}},"10":{"start":{"line":17,"column":0},"end":{"line":17,"column":18}},"11":{"start":{"line":18,"column":0},"end":{"line":18,"column":16}},"12":{"start":{"line":19,"column":0},"end":{"line":19,"column":23}},"13":{"start":{"line":22,"column":0},"end":{"line":22,"column":18}},"14":{"start":{"line":25,"column":0},"end":{"line":25,"column":25}},"15":{"start":{"line":26,"column":0},"end":{"line":26,"column":null}},"16":{"start":{"line":28,"column":0},"end":{"line":28,"column":22}},"17":{"start":{"line":30,"column":0},"end":{"line":30,"column":19}}},"fnMap":{},"branchMap":{},"s":{"0":0,"1":0,"2":0,"3":0,"4":0,"5":0,"6":0,"7":0,"8":0,"9":0,"10":0,"11":0,"12":0,"13":0,"14":0,"15":0,"16":0,"17":0},"f":{},"b":{}}
,"/usr/src/app/src/server.ts": {"path":"/usr/src/app/src/server.ts","statementMap":{"0":{"start":{"line":2,"column":0},"end":{"line":2,"column":28}},"1":{"start":{"line":3,"column":0},"end":{"line":3,"column":24}},"2":{"start":{"line":4,"column":0},"end":{"line":4,"column":40}},"3":{"start":{"line":5,"column":0},"end":{"line":5,"column":44}},"4":{"start":{"line":7,"column":0},"end":{"line":7,"column":16}},"5":{"start":{"line":9,"column":13},"end":{"line":9,"column":45}},"6":{"start":{"line":12,"column":2},"end":{"line":25,"column":3}},"7":{"start":{"line":13,"column":4},"end":{"line":20,"column":7}},"8":{"start":{"line":15,"column":8},"end":{"line":15,"column":53}},"9":{"start":{"line":18,"column":8},"end":{"line":18,"column":55}},"10":{"start":{"line":22,"column":4},"end":{"line":22,"column":57}},"11":{"start":{"line":23,"column":4},"end":{"line":23,"column":20}},"12":{"start":{"line":24,"column":4},"end":{"line":24,"column":11}},"13":{"start":{"line":27,"column":2},"end":{"line":29,"column":5}},"14":{"start":{"line":28,"column":4},"end":{"line":28,"column":64}},"15":{"start":{"line":32,"column":0},"end":{"line":32,"column":14}},"16":{"start":{"line":34,"column":0},"end":{"line":34,"column":19}}},"fnMap":{"0":{"name":"startServer","decl":{"start":{"line":11,"column":15},"end":{"line":11,"column":26}},"loc":{"start":{"line":11,"column":26},"end":{"line":30,"column":1}}},"1":{"name":"(anonymous_2)","decl":{"start":{"line":14,"column":36},"end":{"line":14,"column":39}},"loc":{"start":{"line":14,"column":41},"end":{"line":16,"column":7}}},"2":{"name":"(anonymous_3)","decl":{"start":{"line":17,"column":28},"end":{"line":17,"column":31}},"loc":{"start":{"line":17,"column":33},"end":{"line":19,"column":7}}},"3":{"name":"(anonymous_4)","decl":{"start":{"line":27,"column":30},"end":{"line":27,"column":33}},"loc":{"start":{"line":27,"column":35},"end":{"line":29,"column":3}}}},"branchMap":{"0":{"loc":{"start":{"line":9,"column":13},"end":{"line":9,"column":45}},"type":"binary-expr","locations":[{"start":{"line":9,"column":13},"end":{"line":9,"column":37}},{"start":{"line":9,"column":41},"end":{"line":9,"column":45}}]}},"s":{"0":0,"1":0,"2":0,"3":0,"4":0,"5":0,"6":0,"7":0,"8":0,"9":0,"10":0,"11":0,"12":0,"13":0,"14":0,"15":0,"16":0},"f":{"0":0,"1":0,"2":0,"3":0},"b":{"0":[0,0]}}
,"/usr/src/app/src/config/db.ts": {"path":"/usr/src/app/src/config/db.ts","statementMap":{"0":{"start":{"line":1,"column":0},"end":{"line":1,"column":49}},"1":{"start":{"line":2,"column":0},"end":{"line":2,"column":28}},"2":{"start":{"line":4,"column":0},"end":{"line":4,"column":16}},"3":{"start":{"line":6,"column":13},"end":{"line":23,"column":3}},"4":{"start":{"line":25,"column":0},"end":{"line":28,"column":65}},"5":{"start":{"line":27,"column":14},"end":{"line":27,"column":45}},"6":{"start":{"line":28,"column":18},"end":{"line":28,"column":63}}},"fnMap":{"0":{"name":"(anonymous_1)","decl":{"start":{"line":27,"column":8},"end":{"line":27,"column":11}},"loc":{"start":{"line":27,"column":14},"end":{"line":27,"column":45}}},"1":{"name":"(anonymous_2)","decl":{"start":{"line":28,"column":9},"end":{"line":28,"column":10}},"loc":{"start":{"line":28,"column":18},"end":{"line":28,"column":63}}}},"branchMap":{},"s":{"0":2,"1":2,"2":2,"3":2,"4":2,"5":1,"6":1},"f":{"0":1,"1":1},"b":{}}
,"/usr/src/app/src/config/mongo.ts": {"path":"/usr/src/app/src/config/mongo.ts","statementMap":{"0":{"start":{"line":2,"column":0},"end":{"line":2,"column":32}},"1":{"start":{"line":4,"column":23},"end":{"line":22,"column":1}},"2":{"start":{"line":5,"column":2},"end":{"line":21,"column":3}},"3":{"start":{"line":6,"column":16},"end":{"line":6,"column":49}},"4":{"start":{"line":8,"column":4},"end":{"line":10,"column":5}},"5":{"start":{"line":9,"column":6},"end":{"line":9,"column":74}},"6":{"start":{"line":12,"column":4},"end":{"line":15,"column":34}},"7":{"start":{"line":17,"column":4},"end":{"line":17,"column":42}},"8":{"start":{"line":19,"column":4},"end":{"line":19,"column":56}},"9":{"start":{"line":20,"column":4},"end":{"line":20,"column":20}},"10":{"start":{"line":24,"column":0},"end":{"line":24,"column":30}}},"fnMap":{"0":{"name":"(anonymous_1)","decl":{"start":{"line":4,"column":23},"end":{"line":4,"column":28}},"loc":{"start":{"line":4,"column":34},"end":{"line":22,"column":1}}}},"branchMap":{"0":{"loc":{"start":{"line":8,"column":4},"end":{"line":10,"column":5}},"type":"if","locations":[{"start":{"line":8,"column":4},"end":{"line":10,"column":5}}]}},"s":{"0":3,"1":3,"2":3,"3":3,"4":3,"5":1,"6":2,"7":1,"8":2,"9":2,"10":3},"f":{"0":3},"b":{"0":[1]}}
,"/usr/src/app/src/config/swagger.ts": {"path":"/usr/src/app/src/config/swagger.ts","statementMap":{"0":{"start":{"line":24,"column":0},"end":{"line":24,"column":16}},"1":{"start":{"line":1,"column":0},"end":{"line":1,"column":41}},"2":{"start":{"line":2,"column":0},"end":{"line":2,"column":43}},"3":{"start":{"line":4,"column":0},"end":{"line":4,"column":24}},"4":{"start":{"line":6,"column":38},"end":{"line":20,"column":2}},"5":{"start":{"line":22,"column":20},"end":{"line":22,"column":41}},"6":{"start":{"line":25,"column":2},"end":{"line":25,"column":51}},"7":{"start":{"line":27,"column":2},"end":{"line":27,"column":70}},"8":{"start":{"line":29,"column":2},"end":{"line":32,"column":5}},"9":{"start":{"line":30,"column":4},"end":{"line":30,"column":54}},"10":{"start":{"line":31,"column":4},"end":{"line":31,"column":26}},"11":{"start":{"line":34,"column":2},"end":{"line":34,"column":53}},"12":{"start":{"line":35,"column":2},"end":{"line":35,"column":59}}},"fnMap":{"0":{"name":"setupSwagger","decl":{"start":{"line":24,"column":16},"end":{"line":24,"column":28}},"loc":{"start":{"line":24,"column":41},"end":{"line":36,"column":1}}},"1":{"name":"(anonymous_2)","decl":{"start":{"line":29,"column":27},"end":{"line":29,"column":28}},"loc":{"start":{"line":29,"column":40},"end":{"line":32,"column":3}}}},"branchMap":{},"s":{"0":1,"1":1,"2":1,"3":1,"4":1,"5":1,"6":3,"7":3,"8":3,"9":1,"10":1,"11":3,"12":3},"f":{"0":3,"1":1},"b":{}}
,"/usr/src/app/src/errors/bad-request-error.ts": {"path":"/usr/src/app/src/errors/bad-request-error.ts","statementMap":{"0":{"start":{"line":6,"column":4},"end":{"line":6,"column":19}},"1":{"start":{"line":7,"column":4},"end":{"line":7,"column":34}},"2":{"start":{"line":8,"column":4},"end":{"line":8,"column":22}},"3":{"start":{"line":10,"column":4},"end":{"line":12,"column":5}},"4":{"start":{"line":11,"column":6},"end":{"line":11,"column":25}},"5":{"start":{"line":14,"column":4},"end":{"line":14,"column":59}},"6":{"start":{"line":1,"column":0},"end":{"line":1,"column":13}}},"fnMap":{"0":{"name":"(anonymous_0)","decl":{"start":{"line":5,"column":2},"end":{"line":5,"column":14}},"loc":{"start":{"line":5,"column":44},"end":{"line":15,"column":3}}}},"branchMap":{"0":{"loc":{"start":{"line":10,"column":4},"end":{"line":12,"column":5}},"type":"if","locations":[{"start":{"line":10,"column":4},"end":{"line":12,"column":5}}]}},"s":{"0":3,"1":3,"2":3,"3":3,"4":1,"5":3,"6":2},"f":{"0":3},"b":{"0":[1]}}
,"/usr/src/app/src/errors/conflict-error.ts": {"path":"/usr/src/app/src/errors/conflict-error.ts","statementMap":{"0":{"start":{"line":6,"column":4},"end":{"line":6,"column":19}},"1":{"start":{"line":7,"column":4},"end":{"line":7,"column":32}},"2":{"start":{"line":8,"column":4},"end":{"line":8,"column":22}},"3":{"start":{"line":10,"column":4},"end":{"line":12,"column":5}},"4":{"start":{"line":11,"column":6},"end":{"line":11,"column":25}},"5":{"start":{"line":14,"column":4},"end":{"line":14,"column":57}},"6":{"start":{"line":1,"column":0},"end":{"line":1,"column":13}}},"fnMap":{"0":{"name":"(anonymous_0)","decl":{"start":{"line":5,"column":2},"end":{"line":5,"column":14}},"loc":{"start":{"line":5,"column":44},"end":{"line":15,"column":3}}}},"branchMap":{"0":{"loc":{"start":{"line":10,"column":4},"end":{"line":12,"column":5}},"type":"if","locations":[{"start":{"line":10,"column":4},"end":{"line":12,"column":5}}]}},"s":{"0":3,"1":3,"2":3,"3":3,"4":1,"5":3,"6":2},"f":{"0":3},"b":{"0":[1]}}
,"/usr/src/app/src/errors/not-authorized-error.ts": {"path":"/usr/src/app/src/errors/not-authorized-error.ts","statementMap":{"0":{"start":{"line":6,"column":4},"end":{"line":6,"column":19}},"1":{"start":{"line":7,"column":4},"end":{"line":7,"column":37}},"2":{"start":{"line":8,"column":4},"end":{"line":8,"column":22}},"3":{"start":{"line":10,"column":4},"end":{"line":12,"column":5}},"4":{"start":{"line":11,"column":6},"end":{"line":11,"column":25}},"5":{"start":{"line":13,"column":4},"end":{"line":13,"column":62}},"6":{"start":{"line":1,"column":0},"end":{"line":1,"column":13}}},"fnMap":{"0":{"name":"(anonymous_0)","decl":{"start":{"line":5,"column":2},"end":{"line":5,"column":14}},"loc":{"start":{"line":5,"column":44},"end":{"line":14,"column":3}}}},"branchMap":{"0":{"loc":{"start":{"line":10,"column":4},"end":{"line":12,"column":5}},"type":"if","locations":[{"start":{"line":10,"column":4},"end":{"line":12,"column":5}}]}},"s":{"0":3,"1":3,"2":3,"3":3,"4":1,"5":3,"6":2},"f":{"0":3},"b":{"0":[1]}}
,"/usr/src/app/src/errors/not-found-error.ts": {"path":"/usr/src/app/src/errors/not-found-error.ts","statementMap":{"0":{"start":{"line":7,"column":4},"end":{"line":7,"column":19}},"1":{"start":{"line":8,"column":4},"end":{"line":8,"column":32}},"2":{"start":{"line":9,"column":4},"end":{"line":9,"column":22}},"3":{"start":{"line":12,"column":4},"end":{"line":14,"column":5}},"4":{"start":{"line":13,"column":6},"end":{"line":13,"column":25}},"5":{"start":{"line":17,"column":4},"end":{"line":17,"column":57}},"6":{"start":{"line":1,"column":0},"end":{"line":1,"column":13}}},"fnMap":{"0":{"name":"(anonymous_0)","decl":{"start":{"line":5,"column":2},"end":{"line":5,"column":14}},"loc":{"start":{"line":5,"column":44},"end":{"line":18,"column":3}}}},"branchMap":{"0":{"loc":{"start":{"line":12,"column":4},"end":{"line":14,"column":5}},"type":"if","locations":[{"start":{"line":12,"column":4},"end":{"line":14,"column":5}}]}},"s":{"0":3,"1":3,"2":3,"3":3,"4":1,"5":3,"6":2},"f":{"0":3},"b":{"0":[1]}}
,"/usr/src/app/src/middlewares/errorHandler.ts": {"path":"/usr/src/app/src/middlewares/errorHandler.ts","statementMap":{"0":{"start":{"line":3,"column":0},"end":{"line":3,"column":16}},"1":{"start":{"line":9,"column":2},"end":{"line":9,"column":21}},"2":{"start":{"line":11,"column":17},"end":{"line":11,"column":34}},"3":{"start":{"line":12,"column":18},"end":{"line":12,"column":56}},"4":{"start":{"line":14,"column":2},"end":{"line":18,"column":5}}},"fnMap":{"0":{"name":"errorHandler","decl":{"start":{"line":3,"column":16},"end":{"line":3,"column":28}},"loc":{"start":{"line":7,"column":20},"end":{"line":19,"column":1}}}},"branchMap":{"0":{"loc":{"start":{"line":11,"column":17},"end":{"line":11,"column":34}},"type":"binary-expr","locations":[{"start":{"line":11,"column":17},"end":{"line":11,"column":27}},{"start":{"line":11,"column":31},"end":{"line":11,"column":34}}]},"1":{"loc":{"start":{"line":12,"column":18},"end":{"line":12,"column":56}},"type":"binary-expr","locations":[{"start":{"line":12,"column":18},"end":{"line":12,"column":29}},{"start":{"line":12,"column":33},"end":{"line":12,"column":56}}]},"2":{"loc":{"start":{"line":15,"column":11},"end":{"line":15,"column":30}},"type":"binary-expr","locations":[{"start":{"line":15,"column":11},"end":{"line":15,"column":19}},{"start":{"line":15,"column":23},"end":{"line":15,"column":30}}]}},"s":{"0":2,"1":5,"2":5,"3":5,"4":5},"f":{"0":5},"b":{"0":[5,1],"1":[5,1],"2":[5,0]}}
,"/usr/src/app/src/models/authorization.model.ts": {"path":"/usr/src/app/src/models/authorization.model.ts","statementMap":{"0":{"start":{"line":1,"column":0},"end":{"line":1,"column":null}},"1":{"start":{"line":9,"column":0},"end":{"line":9,"column":41}},"2":{"start":{"line":19,"column":0},"end":{"line":44,"column":null}},"3":{"start":{"line":46,"column":9},"end":{"line":46,"column":27}},"4":{"start":{"line":30,"column":10},"end":{"line":30,"column":null}},"5":{"start":{"line":23,"column":20},"end":{"line":23,"column":29}},"6":{"start":{"line":37,"column":10},"end":{"line":37,"column":null}},"7":{"start":{"line":43,"column":2},"end":{"line":43,"column":null}},"8":{"start":{"line":39,"column":19},"end":{"line":39,"column":28}},"9":{"start":{"line":19,"column":6},"end":{"line":44,"column":null}}},"fnMap":{"0":{"name":"(anonymous_2)","decl":{"start":{"line":23,"column":14},"end":{"line":23,"column":17}},"loc":{"start":{"line":23,"column":20},"end":{"line":23,"column":29}}},"1":{"name":"(anonymous_3)","decl":{"start":{"line":39,"column":13},"end":{"line":39,"column":16}},"loc":{"start":{"line":39,"column":19},"end":{"line":39,"column":28}}}},"branchMap":{},"s":{"0":1,"1":1,"2":1,"3":1,"4":1,"5":0,"6":1,"7":1,"8":2,"9":1},"f":{"0":0,"1":2},"b":{}}
,"/usr/src/app/src/models/booking-comment.schema.ts": {"path":"/usr/src/app/src/models/booking-comment.schema.ts","statementMap":{"0":{"start":{"line":1,"column":0},"end":{"line":1,"column":54}},"1":{"start":{"line":13,"column":2},"end":{"line":13,"column":78}},"2":{"start":{"line":15,"column":29},"end":{"line":57,"column":null}},"3":{"start":{"line":53,"column":8},"end":{"line":53,"column":25}},"4":{"start":{"line":54,"column":8},"end":{"line":54,"column":23}},"5":{"start":{"line":61,"column":0},"end":{"line":61,"column":63}},"6":{"start":{"line":63,"column":13},"end":{"line":66,"column":2}}},"fnMap":{"0":{"name":"(anonymous_9)","decl":{"start":{"line":52,"column":17},"end":{"line":52,"column":18}},"loc":{"start":{"line":52,"column":28},"end":{"line":55,"column":7}}}},"branchMap":{},"s":{"0":1,"1":1,"2":1,"3":0,"4":0,"5":1,"6":1},"f":{"0":0},"b":{}}
,"/usr/src/app/src/models/booking.model.ts": {"path":"/usr/src/app/src/models/booking.model.ts","statementMap":{"0":{"start":{"line":1,"column":0},"end":{"line":1,"column":null}},"1":{"start":{"line":13,"column":0},"end":{"line":13,"column":41}},"2":{"start":{"line":14,"column":0},"end":{"line":14,"column":51}},"3":{"start":{"line":31,"column":7},"end":{"line":96,"column":null}},"4":{"start":{"line":31,"column":13},"end":{"line":31,"column":25}},"5":{"start":{"line":42,"column":10},"end":{"line":42,"column":null}},"6":{"start":{"line":51,"column":10},"end":{"line":51,"column":null}},"7":{"start":{"line":45,"column":20},"end":{"line":45,"column":29}},"8":{"start":{"line":60,"column":10},"end":{"line":60,"column":null}},"9":{"start":{"line":54,"column":20},"end":{"line":54,"column":34}},"10":{"start":{"line":69,"column":10},"end":{"line":69,"column":null}},"11":{"start":{"line":76,"column":10},"end":{"line":76,"column":null}},"12":{"start":{"line":83,"column":10},"end":{"line":83,"column":null}},"13":{"start":{"line":89,"column":10},"end":{"line":89,"column":null}},"14":{"start":{"line":85,"column":19},"end":{"line":85,"column":28}},"15":{"start":{"line":95,"column":10},"end":{"line":95,"column":null}},"16":{"start":{"line":91,"column":19},"end":{"line":91,"column":33}},"17":{"start":{"line":31,"column":13},"end":{"line":96,"column":null}}},"fnMap":{"0":{"name":"(anonymous_2)","decl":{"start":{"line":45,"column":14},"end":{"line":45,"column":17}},"loc":{"start":{"line":45,"column":20},"end":{"line":45,"column":29}}},"1":{"name":"(anonymous_3)","decl":{"start":{"line":54,"column":14},"end":{"line":54,"column":17}},"loc":{"start":{"line":54,"column":20},"end":{"line":54,"column":34}}},"2":{"name":"(anonymous_4)","decl":{"start":{"line":85,"column":13},"end":{"line":85,"column":16}},"loc":{"start":{"line":85,"column":19},"end":{"line":85,"column":28}}},"3":{"name":"(anonymous_5)","decl":{"start":{"line":91,"column":13},"end":{"line":91,"column":16}},"loc":{"start":{"line":91,"column":19},"end":{"line":91,"column":33}}}},"branchMap":{},"s":{"0":3,"1":3,"2":3,"3":3,"4":3,"5":3,"6":3,"7":0,"8":3,"9":0,"10":3,"11":3,"12":3,"13":3,"14":8,"15":3,"16":8,"17":3},"f":{"0":0,"1":0,"2":8,"3":8},"b":{}}
,"/usr/src/app/src/models/movie-hall.model.ts": {"path":"/usr/src/app/src/models/movie-hall.model.ts","statementMap":{"0":{"start":{"line":1,"column":0},"end":{"line":1,"column":null}},"1":{"start":{"line":11,"column":0},"end":{"line":11,"column":51}},"2":{"start":{"line":12,"column":0},"end":{"line":12,"column":58}},"3":{"start":{"line":21,"column":7},"end":{"line":98,"column":null}},"4":{"start":{"line":21,"column":13},"end":{"line":21,"column":27}},"5":{"start":{"line":41,"column":10},"end":{"line":41,"column":null}},"6":{"start":{"line":26,"column":20},"end":{"line":26,"column":37}},"7":{"start":{"line":58,"column":10},"end":{"line":58,"column":null}},"8":{"start":{"line":88,"column":10},"end":{"line":88,"column":null}},"9":{"start":{"line":65,"column":8},"end":{"line":84,"column":9}},"10":{"start":{"line":70,"column":14},"end":{"line":77,"column":null}},"11":{"start":{"line":74,"column":18},"end":{"line":77,"column":30}},"12":{"start":{"line":81,"column":10},"end":{"line":83,"column":12}},"13":{"start":{"line":94,"column":10},"end":{"line":94,"column":null}},"14":{"start":{"line":90,"column":19},"end":{"line":90,"column":36}},"15":{"start":{"line":97,"column":10},"end":{"line":97,"column":null}},"16":{"start":{"line":96,"column":17},"end":{"line":96,"column":31}},"17":{"start":{"line":21,"column":13},"end":{"line":98,"column":null}}},"fnMap":{"0":{"name":"(anonymous_2)","decl":{"start":{"line":26,"column":14},"end":{"line":26,"column":17}},"loc":{"start":{"line":26,"column":20},"end":{"line":26,"column":37}}},"1":{"name":"(anonymous_3)","decl":{"start":{"line":64,"column":6},"end":{"line":64,"column":19}},"loc":{"start":{"line":64,"column":34},"end":{"line":85,"column":7}}},"2":{"name":"(anonymous_4)","decl":{"start":{"line":69,"column":12},"end":{"line":69,"column":13}},"loc":{"start":{"line":70,"column":14},"end":{"line":77,"column":null}}},"3":{"name":"(anonymous_5)","decl":{"start":{"line":73,"column":16},"end":{"line":73,"column":17}},"loc":{"start":{"line":74,"column":18},"end":{"line":77,"column":30}}},"4":{"name":"(anonymous_6)","decl":{"start":{"line":90,"column":13},"end":{"line":90,"column":16}},"loc":{"start":{"line":90,"column":19},"end":{"line":90,"column":36}}},"5":{"name":"(anonymous_7)","decl":{"start":{"line":96,"column":11},"end":{"line":96,"column":14}},"loc":{"start":{"line":96,"column":17},"end":{"line":96,"column":31}}}},"branchMap":{"0":{"loc":{"start":{"line":65,"column":8},"end":{"line":84,"column":9}},"type":"if","locations":[{"start":{"line":65,"column":8},"end":{"line":84,"column":9}}]},"1":{"loc":{"start":{"line":66,"column":10},"end":{"line":78,"column":null}},"type":"binary-expr","locations":[{"start":{"line":66,"column":10},"end":{"line":66,"column":31}},{"start":{"line":67,"column":10},"end":{"line":67,"column":28}},{"start":{"line":68,"column":10},"end":{"line":78,"column":null}}]},"2":{"loc":{"start":{"line":70,"column":14},"end":{"line":77,"column":null}},"type":"binary-expr","locations":[{"start":{"line":70,"column":14},"end":{"line":70,"column":32}},{"start":{"line":71,"column":14},"end":{"line":71,"column":28}},{"start":{"line":72,"column":14},"end":{"line":77,"column":null}}]},"3":{"loc":{"start":{"line":74,"column":18},"end":{"line":77,"column":30}},"type":"binary-expr","locations":[{"start":{"line":74,"column":19},"end":{"line":74,"column":43}},{"start":{"line":74,"column":47},"end":{"line":74,"column":62}},{"start":{"line":75,"column":19},"end":{"line":75,"column":43}},{"start":{"line":76,"column":20},"end":{"line":76,"column":41}},{"start":{"line":77,"column":20},"end":{"line":77,"column":29}}]}},"s":{"0":5,"1":5,"2":5,"3":5,"4":5,"5":5,"6":0,"7":5,"8":5,"9":20,"10":34,"11":102,"12":9,"13":5,"14":8,"15":5,"16":8,"17":5},"f":{"0":0,"1":20,"2":34,"3":102,"4":8,"5":8},"b":{"0":[9],"1":[20,20,20],"2":[34,33,30],"3":[102,17,86,82,82]}}
,"/usr/src/app/src/models/movie-stats.schema.ts": {"path":"/usr/src/app/src/models/movie-stats.schema.ts","statementMap":{"0":{"start":{"line":1,"column":0},"end":{"line":1,"column":46}},"1":{"start":{"line":11,"column":22},"end":{"line":18,"column":null}},"2":{"start":{"line":28,"column":25},"end":{"line":31,"column":2}},"3":{"start":{"line":34,"column":0},"end":{"line":41,"column":3}},"4":{"start":{"line":35,"column":21},"end":{"line":35,"column":58}},"5":{"start":{"line":35,"column":46},"end":{"line":35,"column":57}},"6":{"start":{"line":36,"column":27},"end":{"line":36,"column":46}},"7":{"start":{"line":37,"column":2},"end":{"line":39,"column":3}},"8":{"start":{"line":38,"column":4},"end":{"line":38,"column":77}},"9":{"start":{"line":40,"column":2},"end":{"line":40,"column":9}},"10":{"start":{"line":43,"column":0},"end":{"line":46,"column":2}}},"fnMap":{"0":{"name":"(anonymous_1)","decl":{"start":{"line":34,"column":49},"end":{"line":34,"column":59}},"loc":{"start":{"line":34,"column":63},"end":{"line":41,"column":1}}},"1":{"name":"(anonymous_2)","decl":{"start":{"line":35,"column":39},"end":{"line":35,"column":40}},"loc":{"start":{"line":35,"column":46},"end":{"line":35,"column":57}}}},"branchMap":{"0":{"loc":{"start":{"line":37,"column":2},"end":{"line":39,"column":3}},"type":"if","locations":[{"start":{"line":37,"column":2},"end":{"line":39,"column":3}}]}},"s":{"0":2,"1":2,"2":2,"3":2,"4":7,"5":11,"6":7,"7":7,"8":1,"9":6,"10":2},"f":{"0":7,"1":11},"b":{"0":[1]}}
,"/usr/src/app/src/models/movie-theater.model.ts": {"path":"/usr/src/app/src/models/movie-theater.model.ts","statementMap":{"0":{"start":{"line":1,"column":0},"end":{"line":1,"column":null}},"1":{"start":{"line":19,"column":7},"end":{"line":112,"column":null}},"2":{"start":{"line":19,"column":13},"end":{"line":19,"column":30}},"3":{"start":{"line":39,"column":10},"end":{"line":39,"column":null}},"4":{"start":{"line":51,"column":10},"end":{"line":51,"column":null}},"5":{"start":{"line":63,"column":10},"end":{"line":63,"column":null}},"6":{"start":{"line":79,"column":10},"end":{"line":79,"column":null}},"7":{"start":{"line":96,"column":10},"end":{"line":96,"column":null}},"8":{"start":{"line":107,"column":10},"end":{"line":107,"column":null}},"9":{"start":{"line":19,"column":13},"end":{"line":112,"column":null}}},"fnMap":{},"branchMap":{},"s":{"0":6,"1":6,"2":6,"3":6,"4":6,"5":6,"6":6,"7":6,"8":6,"9":6},"f":{},"b":{}}
,"/usr/src/app/src/models/movie.model.ts": {"path":"/usr/src/app/src/models/movie.model.ts","statementMap":{"0":{"start":{"line":1,"column":0},"end":{"line":1,"column":null}},"1":{"start":{"line":28,"column":7},"end":{"line":160,"column":null}},"2":{"start":{"line":28,"column":13},"end":{"line":28,"column":23}},"3":{"start":{"line":42,"column":10},"end":{"line":42,"column":null}},"4":{"start":{"line":55,"column":10},"end":{"line":55,"column":null}},"5":{"start":{"line":68,"column":10},"end":{"line":68,"column":null}},"6":{"start":{"line":81,"column":10},"end":{"line":81,"column":null}},"7":{"start":{"line":94,"column":10},"end":{"line":94,"column":null}},"8":{"start":{"line":108,"column":10},"end":{"line":108,"column":null}},"9":{"start":{"line":102,"column":8},"end":{"line":104,"column":9}},"10":{"start":{"line":103,"column":10},"end":{"line":103,"column":66}},"11":{"start":{"line":121,"column":10},"end":{"line":121,"column":null}},"12":{"start":{"line":132,"column":10},"end":{"line":132,"column":null}},"13":{"start":{"line":152,"column":10},"end":{"line":152,"column":null}},"14":{"start":{"line":139,"column":8},"end":{"line":144,"column":9}},"15":{"start":{"line":140,"column":27},"end":{"line":140,"column":62}},"16":{"start":{"line":141,"column":10},"end":{"line":143,"column":11}},"17":{"start":{"line":142,"column":12},"end":{"line":142,"column":62}},"18":{"start":{"line":159,"column":10},"end":{"line":159,"column":null}},"19":{"start":{"line":28,"column":13},"end":{"line":160,"column":null}}},"fnMap":{"0":{"name":"(anonymous_2)","decl":{"start":{"line":101,"column":6},"end":{"line":101,"column":24}},"loc":{"start":{"line":101,"column":36},"end":{"line":105,"column":7}}},"1":{"name":"(anonymous_3)","decl":{"start":{"line":138,"column":6},"end":{"line":138,"column":18}},"loc":{"start":{"line":138,"column":39},"end":{"line":145,"column":7}}}},"branchMap":{"0":{"loc":{"start":{"line":102,"column":8},"end":{"line":104,"column":9}},"type":"if","locations":[{"start":{"line":102,"column":8},"end":{"line":104,"column":9}}]},"1":{"loc":{"start":{"line":139,"column":8},"end":{"line":144,"column":9}},"type":"if","locations":[{"start":{"line":139,"column":8},"end":{"line":144,"column":9}}]},"2":{"loc":{"start":{"line":139,"column":12},"end":{"line":139,"column":66}},"type":"binary-expr","locations":[{"start":{"line":139,"column":12},"end":{"line":139,"column":17}},{"start":{"line":139,"column":21},"end":{"line":139,"column":46}},{"start":{"line":139,"column":50},"end":{"line":139,"column":66}}]},"3":{"loc":{"start":{"line":141,"column":10},"end":{"line":143,"column":11}},"type":"if","locations":[{"start":{"line":141,"column":10},"end":{"line":143,"column":11}}]}},"s":{"0":6,"1":6,"2":6,"3":6,"4":6,"5":6,"6":6,"7":6,"8":6,"9":13,"10":1,"11":6,"12":6,"13":6,"14":13,"15":4,"16":4,"17":1,"18":6,"19":6},"f":{"0":13,"1":13},"b":{"0":[1],"1":[4],"2":[13,4,4],"3":[1]}}
,"/usr/src/app/src/models/screening.model.ts": {"path":"/usr/src/app/src/models/screening.model.ts","statementMap":{"0":{"start":{"line":1,"column":0},"end":{"line":1,"column":null}},"1":{"start":{"line":13,"column":0},"end":{"line":13,"column":43}},"2":{"start":{"line":14,"column":0},"end":{"line":14,"column":58}},"3":{"start":{"line":15,"column":0},"end":{"line":15,"column":52}},"4":{"start":{"line":31,"column":7},"end":{"line":110,"column":null}},"5":{"start":{"line":31,"column":13},"end":{"line":31,"column":27}},"6":{"start":{"line":42,"column":10},"end":{"line":42,"column":null}},"7":{"start":{"line":49,"column":10},"end":{"line":49,"column":null}},"8":{"start":{"line":44,"column":20},"end":{"line":44,"column":30}},"9":{"start":{"line":56,"column":10},"end":{"line":56,"column":null}},"10":{"start":{"line":51,"column":20},"end":{"line":51,"column":37}},"11":{"start":{"line":63,"column":10},"end":{"line":63,"column":null}},"12":{"start":{"line":58,"column":20},"end":{"line":58,"column":34}},"13":{"start":{"line":69,"column":10},"end":{"line":69,"column":null}},"14":{"start":{"line":78,"column":10},"end":{"line":78,"column":null}},"15":{"start":{"line":87,"column":10},"end":{"line":87,"column":null}},"16":{"start":{"line":93,"column":10},"end":{"line":93,"column":null}},"17":{"start":{"line":89,"column":19},"end":{"line":89,"column":29}},"18":{"start":{"line":99,"column":10},"end":{"line":99,"column":null}},"19":{"start":{"line":95,"column":19},"end":{"line":95,"column":36}},"20":{"start":{"line":105,"column":10},"end":{"line":105,"column":null}},"21":{"start":{"line":101,"column":19},"end":{"line":101,"column":33}},"22":{"start":{"line":31,"column":13},"end":{"line":110,"column":null}}},"fnMap":{"0":{"name":"(anonymous_2)","decl":{"start":{"line":44,"column":14},"end":{"line":44,"column":17}},"loc":{"start":{"line":44,"column":20},"end":{"line":44,"column":30}}},"1":{"name":"(anonymous_3)","decl":{"start":{"line":51,"column":14},"end":{"line":51,"column":17}},"loc":{"start":{"line":51,"column":20},"end":{"line":51,"column":37}}},"2":{"name":"(anonymous_4)","decl":{"start":{"line":58,"column":14},"end":{"line":58,"column":17}},"loc":{"start":{"line":58,"column":20},"end":{"line":58,"column":34}}},"3":{"name":"(anonymous_5)","decl":{"start":{"line":89,"column":13},"end":{"line":89,"column":16}},"loc":{"start":{"line":89,"column":19},"end":{"line":89,"column":29}}},"4":{"name":"(anonymous_6)","decl":{"start":{"line":95,"column":13},"end":{"line":95,"column":16}},"loc":{"start":{"line":95,"column":19},"end":{"line":95,"column":36}}},"5":{"name":"(anonymous_7)","decl":{"start":{"line":101,"column":13},"end":{"line":101,"column":16}},"loc":{"start":{"line":101,"column":19},"end":{"line":101,"column":33}}}},"branchMap":{},"s":{"0":5,"1":5,"2":5,"3":5,"4":5,"5":5,"6":5,"7":5,"8":8,"9":5,"10":8,"11":5,"12":4,"13":5,"14":5,"15":5,"16":5,"17":11,"18":5,"19":11,"20":5,"21":11,"22":5},"f":{"0":8,"1":8,"2":4,"3":11,"4":11,"5":11},"b":{}}
,"/usr/src/app/src/models/seat-booking.model.ts": {"path":"/usr/src/app/src/models/seat-booking.model.ts","statementMap":{"0":{"start":{"line":1,"column":0},"end":{"line":1,"column":null}},"1":{"start":{"line":11,"column":0},"end":{"line":11,"column":51}},"2":{"start":{"line":12,"column":0},"end":{"line":12,"column":47}},"3":{"start":{"line":24,"column":7},"end":{"line":68,"column":null}},"4":{"start":{"line":24,"column":13},"end":{"line":24,"column":29}},"5":{"start":{"line":36,"column":10},"end":{"line":36,"column":null}},"6":{"start":{"line":30,"column":20},"end":{"line":30,"column":34}},"7":{"start":{"line":44,"column":10},"end":{"line":44,"column":null}},"8":{"start":{"line":53,"column":10},"end":{"line":53,"column":null}},"9":{"start":{"line":47,"column":20},"end":{"line":47,"column":32}},"10":{"start":{"line":60,"column":10},"end":{"line":60,"column":null}},"11":{"start":{"line":55,"column":19},"end":{"line":55,"column":33}},"12":{"start":{"line":67,"column":10},"end":{"line":67,"column":null}},"13":{"start":{"line":62,"column":19},"end":{"line":62,"column":31}},"14":{"start":{"line":24,"column":13},"end":{"line":68,"column":null}}},"fnMap":{"0":{"name":"(anonymous_2)","decl":{"start":{"line":30,"column":14},"end":{"line":30,"column":17}},"loc":{"start":{"line":30,"column":20},"end":{"line":30,"column":34}}},"1":{"name":"(anonymous_3)","decl":{"start":{"line":47,"column":14},"end":{"line":47,"column":17}},"loc":{"start":{"line":47,"column":20},"end":{"line":47,"column":32}}},"2":{"name":"(anonymous_4)","decl":{"start":{"line":55,"column":13},"end":{"line":55,"column":16}},"loc":{"start":{"line":55,"column":19},"end":{"line":55,"column":33}}},"3":{"name":"(anonymous_5)","decl":{"start":{"line":62,"column":13},"end":{"line":62,"column":16}},"loc":{"start":{"line":62,"column":19},"end":{"line":62,"column":31}}}},"branchMap":{},"s":{"0":1,"1":1,"2":1,"3":1,"4":1,"5":1,"6":0,"7":1,"8":1,"9":0,"10":1,"11":2,"12":1,"13":2,"14":1},"f":{"0":0,"1":0,"2":2,"3":2},"b":{}}
,"/usr/src/app/src/models/user-token.model.ts": {"path":"/usr/src/app/src/models/user-token.model.ts","statementMap":{"0":{"start":{"line":1,"column":0},"end":{"line":1,"column":null}},"1":{"start":{"line":11,"column":0},"end":{"line":11,"column":41}},"2":{"start":{"line":29,"column":7},"end":{"line":64,"column":null}},"3":{"start":{"line":29,"column":13},"end":{"line":29,"column":27}},"4":{"start":{"line":36,"column":10},"end":{"line":36,"column":null}},"5":{"start":{"line":34,"column":20},"end":{"line":34,"column":29}},"6":{"start":{"line":45,"column":10},"end":{"line":45,"column":null}},"7":{"start":{"line":51,"column":10},"end":{"line":51,"column":null}},"8":{"start":{"line":57,"column":10},"end":{"line":57,"column":null}},"9":{"start":{"line":63,"column":10},"end":{"line":63,"column":null}},"10":{"start":{"line":59,"column":19},"end":{"line":59,"column":28}},"11":{"start":{"line":29,"column":13},"end":{"line":64,"column":null}}},"fnMap":{"0":{"name":"(anonymous_2)","decl":{"start":{"line":34,"column":14},"end":{"line":34,"column":17}},"loc":{"start":{"line":34,"column":20},"end":{"line":34,"column":29}}},"1":{"name":"(anonymous_3)","decl":{"start":{"line":59,"column":13},"end":{"line":59,"column":16}},"loc":{"start":{"line":59,"column":19},"end":{"line":59,"column":28}}}},"branchMap":{},"s":{"0":1,"1":1,"2":1,"3":1,"4":1,"5":0,"6":1,"7":1,"8":1,"9":1,"10":2,"11":1},"f":{"0":0,"1":2},"b":{}}
,"/usr/src/app/src/models/user.model.ts": {"path":"/usr/src/app/src/models/user.model.ts","statementMap":{"0":{"start":{"line":1,"column":0},"end":{"line":1,"column":null}},"1":{"start":{"line":9,"column":0},"end":{"line":9,"column":28}},"2":{"start":{"line":26,"column":7},"end":{"line":145,"column":null}},"3":{"start":{"line":118,"column":4},"end":{"line":118,"column":57}},"4":{"start":{"line":124,"column":4},"end":{"line":129,"column":5}},"5":{"start":{"line":127,"column":19},"end":{"line":127,"column":43}},"6":{"start":{"line":128,"column":6},"end":{"line":128,"column":69}},"7":{"start":{"line":135,"column":4},"end":{"line":137,"column":5}},"8":{"start":{"line":136,"column":6},"end":{"line":136,"column":52}},"9":{"start":{"line":141,"column":23},"end":{"line":141,"column":66}},"10":{"start":{"line":142,"column":4},"end":{"line":142,"column":31}},"11":{"start":{"line":143,"column":4},"end":{"line":143,"column":22}},"12":{"start":{"line":26,"column":13},"end":{"line":26,"column":22}},"13":{"start":{"line":36,"column":10},"end":{"line":36,"column":null}},"14":{"start":{"line":53,"column":10},"end":{"line":53,"column":null}},"15":{"start":{"line":69,"column":10},"end":{"line":69,"column":null}},"16":{"start":{"line":85,"column":10},"end":{"line":85,"column":null}},"17":{"start":{"line":97,"column":10},"end":{"line":97,"column":null}},"18":{"start":{"line":104,"column":10},"end":{"line":104,"column":null}},"19":{"start":{"line":111,"column":10},"end":{"line":111,"column":null}},"20":{"start":{"line":123,"column":15},"end":{"line":130,"column":null}},"21":{"start":{"line":134,"column":9},"end":{"line":138,"column":null}},"22":{"start":{"line":26,"column":13},"end":{"line":145,"column":null}}},"fnMap":{"0":{"name":"(anonymous_3)","decl":{"start":{"line":117,"column":2},"end":{"line":117,"column":7}},"loc":{"start":{"line":117,"column":41},"end":{"line":119,"column":3}}},"1":{"name":"(anonymous_4)","decl":{"start":{"line":123,"column":2},"end":{"line":123,"column":8}},"loc":{"start":{"line":123,"column":47},"end":{"line":130,"column":3}}},"2":{"name":"(anonymous_5)","decl":{"start":{"line":134,"column":2},"end":{"line":134,"column":8}},"loc":{"start":{"line":134,"column":43},"end":{"line":138,"column":3}}},"3":{"name":"(anonymous_6)","decl":{"start":{"line":140,"column":2},"end":{"line":140,"column":8}},"loc":{"start":{"line":140,"column":8},"end":{"line":144,"column":3}}}},"branchMap":{"0":{"loc":{"start":{"line":124,"column":4},"end":{"line":129,"column":5}},"type":"if","locations":[{"start":{"line":124,"column":4},"end":{"line":129,"column":5}}]},"1":{"loc":{"start":{"line":135,"column":4},"end":{"line":137,"column":5}},"type":"if","locations":[{"start":{"line":135,"column":4},"end":{"line":137,"column":5}}]},"2":{"loc":{"start":{"line":135,"column":8},"end":{"line":135,"column":71}},"type":"binary-expr","locations":[{"start":{"line":135,"column":8},"end":{"line":135,"column":33}},{"start":{"line":135,"column":37},"end":{"line":135,"column":71}}]}},"s":{"0":6,"1":6,"2":6,"3":4,"4":17,"5":16,"6":16,"7":17,"8":16,"9":1,"10":1,"11":1,"12":6,"13":6,"14":6,"15":6,"16":6,"17":6,"18":6,"19":6,"20":6,"21":6,"22":6},"f":{"0":4,"1":17,"2":17,"3":1},"b":{"0":[16],"1":[16],"2":[17,16]}}
,"/usr/src/app/src/routes/root.route.ts": {"path":"/usr/src/app/src/routes/root.route.ts","statementMap":{"0":{"start":{"line":1,"column":0},"end":{"line":1,"column":52}},"1":{"start":{"line":2,"column":0},"end":{"line":2,"column":32}},"2":{"start":{"line":3,"column":0},"end":{"line":3,"column":41}},"3":{"start":{"line":5,"column":15},"end":{"line":5,"column":23}},"4":{"start":{"line":42,"column":0},"end":{"line":54,"column":3}},"5":{"start":{"line":43,"column":2},"end":{"line":53,"column":5}},"6":{"start":{"line":110,"column":0},"end":{"line":141,"column":3}},"7":{"start":{"line":112,"column":18},"end":{"line":115,"column":23}},"8":{"start":{"line":114,"column":16},"end":{"line":114,"column":20}},"9":{"start":{"line":115,"column":17},"end":{"line":115,"column":22}},"10":{"start":{"line":118,"column":16},"end":{"line":118,"column":21}},"11":{"start":{"line":119,"column":2},"end":{"line":126,"column":3}},"12":{"start":{"line":120,"column":4},"end":{"line":125,"column":5}},"13":{"start":{"line":121,"column":6},"end":{"line":121,"column":50}},"14":{"start":{"line":122,"column":6},"end":{"line":122,"column":21}},"15":{"start":{"line":124,"column":6},"end":{"line":124,"column":22}},"16":{"start":{"line":128,"column":24},"end":{"line":128,"column":59}},"17":{"start":{"line":130,"column":2},"end":{"line":140,"column":5}},"18":{"start":{"line":143,"column":0},"end":{"line":143,"column":22}}},"fnMap":{"0":{"name":"(anonymous_1)","decl":{"start":{"line":42,"column":16},"end":{"line":42,"column":17}},"loc":{"start":{"line":42,"column":48},"end":{"line":54,"column":1}}},"1":{"name":"(anonymous_2)","decl":{"start":{"line":110,"column":25},"end":{"line":110,"column":30}},"loc":{"start":{"line":110,"column":78},"end":{"line":141,"column":1}}},"2":{"name":"(anonymous_3)","decl":{"start":{"line":114,"column":10},"end":{"line":114,"column":13}},"loc":{"start":{"line":114,"column":16},"end":{"line":114,"column":20}}},"3":{"name":"(anonymous_4)","decl":{"start":{"line":115,"column":11},"end":{"line":115,"column":14}},"loc":{"start":{"line":115,"column":17},"end":{"line":115,"column":22}}}},"branchMap":{"0":{"loc":{"start":{"line":45,"column":13},"end":{"line":45,"column":55}},"type":"binary-expr","locations":[{"start":{"line":45,"column":13},"end":{"line":45,"column":44}},{"start":{"line":45,"column":48},"end":{"line":45,"column":55}}]},"1":{"loc":{"start":{"line":119,"column":2},"end":{"line":126,"column":3}},"type":"if","locations":[{"start":{"line":119,"column":2},"end":{"line":126,"column":3}}]},"2":{"loc":{"start":{"line":119,"column":6},"end":{"line":119,"column":68}},"type":"binary-expr","locations":[{"start":{"line":119,"column":6},"end":{"line":119,"column":42}},{"start":{"line":119,"column":46},"end":{"line":119,"column":68}}]},"3":{"loc":{"start":{"line":128,"column":24},"end":{"line":128,"column":59}},"type":"cond-expr","locations":[{"start":{"line":128,"column":45},"end":{"line":128,"column":49}},{"start":{"line":128,"column":52},"end":{"line":128,"column":59}}]},"4":{"loc":{"start":{"line":128,"column":24},"end":{"line":128,"column":42}},"type":"binary-expr","locations":[{"start":{"line":128,"column":24},"end":{"line":128,"column":31}},{"start":{"line":128,"column":35},"end":{"line":128,"column":42}}]},"5":{"loc":{"start":{"line":130,"column":13},"end":{"line":130,"column":47}},"type":"cond-expr","locations":[{"start":{"line":130,"column":38},"end":{"line":130,"column":41}},{"start":{"line":130,"column":44},"end":{"line":130,"column":47}}]},"6":{"loc":{"start":{"line":133,"column":13},"end":{"line":133,"column":37}},"type":"cond-expr","locations":[{"start":{"line":133,"column":23},"end":{"line":133,"column":27}},{"start":{"line":133,"column":30},"end":{"line":133,"column":37}}]},"7":{"loc":{"start":{"line":134,"column":15},"end":{"line":134,"column":39}},"type":"cond-expr","locations":[{"start":{"line":134,"column":25},"end":{"line":134,"column":29}},{"start":{"line":134,"column":32},"end":{"line":134,"column":39}}]},"8":{"loc":{"start":{"line":137,"column":6},"end":{"line":139,"column":51}},"type":"cond-expr","locations":[{"start":{"line":138,"column":10},"end":{"line":138,"column":44}},{"start":{"line":139,"column":10},"end":{"line":139,"column":51}}]}},"s":{"0":1,"1":1,"2":1,"3":1,"4":1,"5":1,"6":1,"7":4,"8":3,"9":1,"10":4,"11":4,"12":3,"13":3,"14":2,"15":1,"16":4,"17":4,"18":1},"f":{"0":1,"1":4,"2":3,"3":1},"b":{"0":[1,0],"1":[3],"2":[4,3],"3":[1,3],"4":[4,3],"5":[1,3],"6":[3,1],"7":[2,2],"8":[1,3]}}
,"/usr/src/app/src/routes/test.route.ts": {"path":"/usr/src/app/src/routes/test.route.ts","statementMap":{"0":{"start":{"line":1,"column":0},"end":{"line":1,"column":66}},"1":{"start":{"line":2,"column":0},"end":{"line":2,"column":58}},"2":{"start":{"line":3,"column":0},"end":{"line":3,"column":62}},"3":{"start":{"line":4,"column":0},"end":{"line":4,"column":57}},"4":{"start":{"line":5,"column":0},"end":{"line":5,"column":68}},"5":{"start":{"line":7,"column":15},"end":{"line":7,"column":23}},"6":{"start":{"line":20,"column":0},"end":{"line":25,"column":2}},"7":{"start":{"line":23,"column":4},"end":{"line":23,"column":66}},"8":{"start":{"line":38,"column":0},"end":{"line":43,"column":2}},"9":{"start":{"line":41,"column":4},"end":{"line":41,"column":70}},"10":{"start":{"line":56,"column":0},"end":{"line":61,"column":2}},"11":{"start":{"line":59,"column":4},"end":{"line":59,"column":66}},"12":{"start":{"line":74,"column":0},"end":{"line":79,"column":2}},"13":{"start":{"line":77,"column":4},"end":{"line":77,"column":76}},"14":{"start":{"line":81,"column":0},"end":{"line":81,"column":22}}},"fnMap":{"0":{"name":"(anonymous_0)","decl":{"start":{"line":22,"column":2},"end":{"line":22,"column":3}},"loc":{"start":{"line":22,"column":54},"end":{"line":24,"column":3}}},"1":{"name":"(anonymous_1)","decl":{"start":{"line":40,"column":2},"end":{"line":40,"column":3}},"loc":{"start":{"line":40,"column":54},"end":{"line":42,"column":3}}},"2":{"name":"(anonymous_2)","decl":{"start":{"line":58,"column":2},"end":{"line":58,"column":3}},"loc":{"start":{"line":58,"column":54},"end":{"line":60,"column":3}}},"3":{"name":"(anonymous_3)","decl":{"start":{"line":76,"column":2},"end":{"line":76,"column":3}},"loc":{"start":{"line":76,"column":54},"end":{"line":78,"column":3}}}},"branchMap":{},"s":{"0":1,"1":1,"2":1,"3":1,"4":1,"5":1,"6":1,"7":1,"8":1,"9":1,"10":1,"11":1,"12":1,"13":1,"14":1},"f":{"0":1,"1":1,"2":1,"3":1},"b":{}}
,"/usr/src/app/src/scripts/clean-old-bookings-cron.ts": {"path":"/usr/src/app/src/scripts/clean-old-bookings-cron.ts","statementMap":{"0":{"start":{"line":8,"column":0},"end":{"line":8,"column":7}},"1":{"start":{"line":1,"column":0},"end":{"line":1,"column":32}},"2":{"start":{"line":2,"column":0},"end":{"line":2,"column":29}},"3":{"start":{"line":3,"column":0},"end":{"line":3,"column":54}},"4":{"start":{"line":4,"column":0},"end":{"line":4,"column":28}},"5":{"start":{"line":6,"column":0},"end":{"line":6,"column":16}},"6":{"start":{"line":9,"column":17},"end":{"line":9,"column":27}},"7":{"start":{"line":10,"column":2},"end":{"line":10,"column":30}},"8":{"start":{"line":11,"column":2},"end":{"line":11,"column":39}},"9":{"start":{"line":13,"column":17},"end":{"line":15,"column":null}},"10":{"start":{"line":17,"column":2},"end":{"line":17,"column":16}},"11":{"start":{"line":21,"column":0},"end":{"line":61,"column":1}},"12":{"start":{"line":22,"column":19},"end":{"line":22,"column":42}},"13":{"start":{"line":23,"column":2},"end":{"line":26,"column":3}},"14":{"start":{"line":24,"column":4},"end":{"line":24,"column":70}},"15":{"start":{"line":25,"column":4},"end":{"line":25,"column":20}},"16":{"start":{"line":28,"column":2},"end":{"line":50,"column":7}},"17":{"start":{"line":32,"column":6},"end":{"line":42,"column":9}},"18":{"start":{"line":33,"column":8},"end":{"line":41,"column":9}},"19":{"start":{"line":34,"column":22},"end":{"line":34,"column":46}},"20":{"start":{"line":35,"column":10},"end":{"line":38,"column":12}},"21":{"start":{"line":40,"column":10},"end":{"line":40,"column":64}},"22":{"start":{"line":43,"column":6},"end":{"line":45,"column":8}},"23":{"start":{"line":48,"column":6},"end":{"line":48,"column":54}},"24":{"start":{"line":49,"column":6},"end":{"line":49,"column":22}},"25":{"start":{"line":53,"column":2},"end":{"line":56,"column":5}},"26":{"start":{"line":54,"column":4},"end":{"line":54,"column":32}},"27":{"start":{"line":55,"column":4},"end":{"line":55,"column":20}},"28":{"start":{"line":57,"column":2},"end":{"line":60,"column":5}},"29":{"start":{"line":58,"column":4},"end":{"line":58,"column":32}},"30":{"start":{"line":59,"column":4},"end":{"line":59,"column":20}}},"fnMap":{"0":{"name":"cleanMoviesStats","decl":{"start":{"line":8,"column":22},"end":{"line":8,"column":38}},"loc":{"start":{"line":8,"column":38},"end":{"line":18,"column":1}}},"1":{"name":"(anonymous_2)","decl":{"start":{"line":30,"column":10},"end":{"line":30,"column":13}},"loc":{"start":{"line":30,"column":15},"end":{"line":46,"column":5}}},"2":{"name":"(anonymous_3)","decl":{"start":{"line":32,"column":34},"end":{"line":32,"column":39}},"loc":{"start":{"line":32,"column":45},"end":{"line":42,"column":7}}},"3":{"name":"(anonymous_4)","decl":{"start":{"line":47,"column":11},"end":{"line":47,"column":12}},"loc":{"start":{"line":47,"column":19},"end":{"line":50,"column":5}}},"4":{"name":"(anonymous_5)","decl":{"start":{"line":53,"column":23},"end":{"line":53,"column":28}},"loc":{"start":{"line":53,"column":34},"end":{"line":56,"column":3}}},"5":{"name":"(anonymous_6)","decl":{"start":{"line":57,"column":24},"end":{"line":57,"column":29}},"loc":{"start":{"line":57,"column":35},"end":{"line":60,"column":3}}}},"branchMap":{"0":{"loc":{"start":{"line":21,"column":0},"end":{"line":61,"column":1}},"type":"if","locations":[{"start":{"line":21,"column":0},"end":{"line":61,"column":1}}]},"1":{"loc":{"start":{"line":23,"column":2},"end":{"line":26,"column":3}},"type":"if","locations":[{"start":{"line":23,"column":2},"end":{"line":26,"column":3}}]},"2":{"loc":{"start":{"line":37,"column":12},"end":{"line":37,"column":36}},"type":"binary-expr","locations":[{"start":{"line":37,"column":12},"end":{"line":37,"column":29}},{"start":{"line":37,"column":33},"end":{"line":37,"column":36}}]}},"s":{"0":1,"1":1,"2":1,"3":1,"4":1,"5":1,"6":3,"7":3,"8":3,"9":3,"10":3,"11":1,"12":0,"13":0,"14":0,"15":0,"16":0,"17":0,"18":0,"19":0,"20":0,"21":0,"22":0,"23":0,"24":0,"25":0,"26":0,"27":0,"28":0,"29":0,"30":0},"f":{"0":3,"1":0,"2":0,"3":0,"4":0,"5":0},"b":{"0":[0],"1":[0],"2":[0,0]}}
}
