TN:
SF:src/app.ts
FNF:0
FNH:0
DA:1,0
DA:2,0
DA:3,0
DA:4,0
DA:7,0
DA:8,0
DA:10,0
DA:11,0
DA:13,0
DA:16,0
DA:17,0
DA:18,0
DA:19,0
DA:22,0
DA:25,0
DA:26,0
DA:28,0
DA:30,0
LF:18
LH:0
BRF:0
BRH:0
end_of_record
TN:
SF:src/server.ts
FN:11,startServer
FN:14,(anonymous_2)
FN:17,(anonymous_3)
FN:27,(anonymous_4)
FNF:4
FNH:0
FNDA:0,startServer
FNDA:0,(anonymous_2)
FNDA:0,(anonymous_3)
FNDA:0,(anonymous_4)
DA:2,0
DA:3,0
DA:4,0
DA:5,0
DA:7,0
DA:9,0
DA:12,0
DA:13,0
DA:15,0
DA:18,0
DA:22,0
DA:23,0
DA:24,0
DA:27,0
DA:28,0
DA:32,0
DA:34,0
LF:17
LH:0
BRDA:9,0,0,0
BRDA:9,0,1,0
BRF:2
BRH:0
end_of_record
TN:
SF:src/config/db.ts
FN:27,(anonymous_1)
FN:28,(anonymous_2)
FNF:2
FNH:2
FNDA:1,(anonymous_1)
FNDA:1,(anonymous_2)
DA:1,2
DA:2,2
DA:4,2
DA:6,2
DA:25,2
DA:27,1
DA:28,1
LF:7
LH:7
BRF:0
BRH:0
end_of_record
TN:
SF:src/config/mongo.ts
FN:4,(anonymous_1)
FNF:1
FNH:1
FNDA:3,(anonymous_1)
DA:2,3
DA:4,3
DA:5,3
DA:6,3
DA:8,3
DA:9,1
DA:12,2
DA:17,1
DA:19,2
DA:20,2
DA:24,3
LF:11
LH:11
BRDA:8,0,0,1
BRF:1
BRH:1
end_of_record
TN:
SF:src/config/swagger.ts
FN:24,setupSwagger
FN:29,(anonymous_2)
FNF:2
FNH:2
FNDA:3,setupSwagger
FNDA:1,(anonymous_2)
DA:1,1
DA:2,1
DA:4,1
DA:6,1
DA:22,1
DA:24,1
DA:25,3
DA:27,3
DA:29,3
DA:30,1
DA:31,1
DA:34,3
DA:35,3
LF:13
LH:13
BRF:0
BRH:0
end_of_record
TN:
SF:src/errors/bad-request-error.ts
FN:5,(anonymous_0)
FNF:1
FNH:1
FNDA:3,(anonymous_0)
DA:1,2
DA:6,3
DA:7,3
DA:8,3
DA:10,3
DA:11,1
DA:14,3
LF:7
LH:7
BRDA:10,0,0,1
BRF:1
BRH:1
end_of_record
TN:
SF:src/errors/conflict-error.ts
FN:5,(anonymous_0)
FNF:1
FNH:1
FNDA:3,(anonymous_0)
DA:1,2
DA:6,3
DA:7,3
DA:8,3
DA:10,3
DA:11,1
DA:14,3
LF:7
LH:7
BRDA:10,0,0,1
BRF:1
BRH:1
end_of_record
TN:
SF:src/errors/not-authorized-error.ts
FN:5,(anonymous_0)
FNF:1
FNH:1
FNDA:3,(anonymous_0)
DA:1,2
DA:6,3
DA:7,3
DA:8,3
DA:10,3
DA:11,1
DA:13,3
LF:7
LH:7
BRDA:10,0,0,1
BRF:1
BRH:1
end_of_record
TN:
SF:src/errors/not-found-error.ts
FN:5,(anonymous_0)
FNF:1
FNH:1
FNDA:3,(anonymous_0)
DA:1,2
DA:7,3
DA:8,3
DA:9,3
DA:12,3
DA:13,1
DA:17,3
LF:7
LH:7
BRDA:12,0,0,1
BRF:1
BRH:1
end_of_record
TN:
SF:src/middlewares/errorHandler.ts
FN:3,errorHandler
FNF:1
FNH:1
FNDA:5,errorHandler
DA:3,2
DA:9,5
DA:11,5
DA:12,5
DA:14,5
LF:5
LH:5
BRDA:11,0,0,5
BRDA:11,0,1,1
BRDA:12,1,0,5
BRDA:12,1,1,1
BRDA:15,2,0,5
BRDA:15,2,1,0
BRF:6
BRH:5
end_of_record
TN:
SF:src/models/authorization.model.ts
FN:23,(anonymous_2)
FN:39,(anonymous_3)
FNF:2
FNH:1
FNDA:0,(anonymous_2)
FNDA:2,(anonymous_3)
DA:1,1
DA:9,1
DA:19,1
DA:23,0
DA:30,1
DA:37,1
DA:39,2
DA:43,1
DA:46,1
LF:9
LH:8
BRF:0
BRH:0
end_of_record
TN:
SF:src/models/booking-comment.schema.ts
FN:52,(anonymous_9)
FNF:1
FNH:0
FNDA:0,(anonymous_9)
DA:1,1
DA:13,1
DA:15,1
DA:53,0
DA:54,0
DA:61,1
DA:63,1
LF:7
LH:5
BRF:0
BRH:0
end_of_record
TN:
SF:src/models/booking.model.ts
FN:45,(anonymous_2)
FN:54,(anonymous_3)
FN:85,(anonymous_4)
FN:91,(anonymous_5)
FNF:4
FNH:2
FNDA:0,(anonymous_2)
FNDA:0,(anonymous_3)
FNDA:8,(anonymous_4)
FNDA:8,(anonymous_5)
DA:1,3
DA:13,3
DA:14,3
DA:31,3
DA:42,3
DA:45,0
DA:51,3
DA:54,0
DA:60,3
DA:69,3
DA:76,3
DA:83,3
DA:85,8
DA:89,3
DA:91,8
DA:95,3
LF:16
LH:14
BRF:0
BRH:0
end_of_record
TN:
SF:src/models/movie-hall.model.ts
FN:26,(anonymous_2)
FN:64,(anonymous_3)
FN:69,(anonymous_4)
FN:73,(anonymous_5)
FN:90,(anonymous_6)
FN:96,(anonymous_7)
FNF:6
FNH:5
FNDA:0,(anonymous_2)
FNDA:20,(anonymous_3)
FNDA:34,(anonymous_4)
FNDA:102,(anonymous_5)
FNDA:8,(anonymous_6)
FNDA:8,(anonymous_7)
DA:1,5
DA:11,5
DA:12,5
DA:21,5
DA:26,0
DA:41,5
DA:58,5
DA:65,20
DA:70,34
DA:74,102
DA:81,9
DA:88,5
DA:90,8
DA:94,5
DA:96,8
DA:97,5
LF:16
LH:15
BRDA:65,0,0,9
BRDA:66,1,0,20
BRDA:66,1,1,20
BRDA:66,1,2,20
BRDA:70,2,0,34
BRDA:70,2,1,33
BRDA:70,2,2,30
BRDA:74,3,0,102
BRDA:74,3,1,17
BRDA:74,3,2,86
BRDA:74,3,3,82
BRDA:74,3,4,82
BRF:12
BRH:12
end_of_record
TN:
SF:src/models/movie-stats.schema.ts
FN:34,(anonymous_1)
FN:35,(anonymous_2)
FNF:2
FNH:2
FNDA:7,(anonymous_1)
FNDA:11,(anonymous_2)
DA:1,2
DA:11,2
DA:28,2
DA:34,2
DA:35,11
DA:36,7
DA:37,7
DA:38,1
DA:40,6
DA:43,2
LF:10
LH:10
BRDA:37,0,0,1
BRF:1
BRH:1
end_of_record
TN:
SF:src/models/movie-theater.model.ts
FNF:0
FNH:0
DA:1,6
DA:19,6
DA:39,6
DA:51,6
DA:63,6
DA:79,6
DA:96,6
DA:107,6
LF:8
LH:8
BRF:0
BRH:0
end_of_record
TN:
SF:src/models/movie.model.ts
FN:101,(anonymous_2)
FN:138,(anonymous_3)
FNF:2
FNH:2
FNDA:13,(anonymous_2)
FNDA:13,(anonymous_3)
DA:1,6
DA:28,6
DA:42,6
DA:55,6
DA:68,6
DA:81,6
DA:94,6
DA:102,13
DA:103,1
DA:108,6
DA:121,6
DA:132,6
DA:139,13
DA:140,4
DA:141,4
DA:142,1
DA:152,6
DA:159,6
LF:18
LH:18
BRDA:102,0,0,1
BRDA:139,1,0,4
BRDA:139,2,0,13
BRDA:139,2,1,4
BRDA:139,2,2,4
BRDA:141,3,0,1
BRF:6
BRH:6
end_of_record
TN:
SF:src/models/screening.model.ts
FN:44,(anonymous_2)
FN:51,(anonymous_3)
FN:58,(anonymous_4)
FN:89,(anonymous_5)
FN:95,(anonymous_6)
FN:101,(anonymous_7)
FNF:6
FNH:6
FNDA:8,(anonymous_2)
FNDA:8,(anonymous_3)
FNDA:4,(anonymous_4)
FNDA:11,(anonymous_5)
FNDA:11,(anonymous_6)
FNDA:11,(anonymous_7)
DA:1,5
DA:13,5
DA:14,5
DA:15,5
DA:31,5
DA:42,5
DA:44,8
DA:49,5
DA:51,8
DA:56,5
DA:58,4
DA:63,5
DA:69,5
DA:78,5
DA:87,5
DA:89,11
DA:93,5
DA:95,11
DA:99,5
DA:101,11
DA:105,5
LF:21
LH:21
BRF:0
BRH:0
end_of_record
TN:
SF:src/models/seat-booking.model.ts
FN:30,(anonymous_2)
FN:47,(anonymous_3)
FN:55,(anonymous_4)
FN:62,(anonymous_5)
FNF:4
FNH:2
FNDA:0,(anonymous_2)
FNDA:0,(anonymous_3)
FNDA:2,(anonymous_4)
FNDA:2,(anonymous_5)
DA:1,1
DA:11,1
DA:12,1
DA:24,1
DA:30,0
DA:36,1
DA:44,1
DA:47,0
DA:53,1
DA:55,2
DA:60,1
DA:62,2
DA:67,1
LF:13
LH:11
BRF:0
BRH:0
end_of_record
TN:
SF:src/models/user-token.model.ts
FN:34,(anonymous_2)
FN:59,(anonymous_3)
FNF:2
FNH:1
FNDA:0,(anonymous_2)
FNDA:2,(anonymous_3)
DA:1,1
DA:11,1
DA:29,1
DA:34,0
DA:36,1
DA:45,1
DA:51,1
DA:57,1
DA:59,2
DA:63,1
LF:10
LH:9
BRF:0
BRH:0
end_of_record
TN:
SF:src/models/user.model.ts
FN:117,(anonymous_3)
FN:123,(anonymous_4)
FN:134,(anonymous_5)
FN:140,(anonymous_6)
FNF:4
FNH:4
FNDA:4,(anonymous_3)
FNDA:17,(anonymous_4)
FNDA:17,(anonymous_5)
FNDA:1,(anonymous_6)
DA:1,6
DA:9,6
DA:26,6
DA:36,6
DA:53,6
DA:69,6
DA:85,6
DA:97,6
DA:104,6
DA:111,6
DA:118,4
DA:123,6
DA:124,17
DA:127,16
DA:128,16
DA:134,6
DA:135,17
DA:136,16
DA:141,1
DA:142,1
DA:143,1
LF:21
LH:21
BRDA:124,0,0,16
BRDA:135,1,0,16
BRDA:135,2,0,17
BRDA:135,2,1,16
BRF:4
BRH:4
end_of_record
TN:
SF:src/routes/root.route.ts
FN:42,(anonymous_1)
FN:110,(anonymous_2)
FN:114,(anonymous_3)
FN:115,(anonymous_4)
FNF:4
FNH:4
FNDA:1,(anonymous_1)
FNDA:4,(anonymous_2)
FNDA:3,(anonymous_3)
FNDA:1,(anonymous_4)
DA:1,1
DA:2,1
DA:3,1
DA:5,1
DA:42,1
DA:43,1
DA:110,1
DA:112,4
DA:114,3
DA:115,1
DA:118,4
DA:119,4
DA:120,3
DA:121,3
DA:122,2
DA:124,1
DA:128,4
DA:130,4
DA:143,1
LF:19
LH:19
BRDA:45,0,0,1
BRDA:45,0,1,0
BRDA:119,1,0,3
BRDA:119,2,0,4
BRDA:119,2,1,3
BRDA:128,3,0,1
BRDA:128,3,1,3
BRDA:128,4,0,4
BRDA:128,4,1,3
BRDA:130,5,0,1
BRDA:130,5,1,3
BRDA:133,6,0,3
BRDA:133,6,1,1
BRDA:134,7,0,2
BRDA:134,7,1,2
BRDA:137,8,0,1
BRDA:137,8,1,3
BRF:17
BRH:16
end_of_record
TN:
SF:src/routes/test.route.ts
FN:22,(anonymous_0)
FN:40,(anonymous_1)
FN:58,(anonymous_2)
FN:76,(anonymous_3)
FNF:4
FNH:4
FNDA:1,(anonymous_0)
FNDA:1,(anonymous_1)
FNDA:1,(anonymous_2)
FNDA:1,(anonymous_3)
DA:1,1
DA:2,1
DA:3,1
DA:4,1
DA:5,1
DA:7,1
DA:20,1
DA:23,1
DA:38,1
DA:41,1
DA:56,1
DA:59,1
DA:74,1
DA:77,1
DA:81,1
LF:15
LH:15
BRF:0
BRH:0
end_of_record
TN:
SF:src/scripts/clean-old-bookings-cron.ts
FN:8,cleanMoviesStats
FN:30,(anonymous_2)
FN:32,(anonymous_3)
FN:47,(anonymous_4)
FN:53,(anonymous_5)
FN:57,(anonymous_6)
FNF:6
FNH:1
FNDA:3,cleanMoviesStats
FNDA:0,(anonymous_2)
FNDA:0,(anonymous_3)
FNDA:0,(anonymous_4)
FNDA:0,(anonymous_5)
FNDA:0,(anonymous_6)
DA:1,1
DA:2,1
DA:3,1
DA:4,1
DA:6,1
DA:8,1
DA:9,3
DA:10,3
DA:11,3
DA:13,3
DA:17,3
DA:21,1
DA:22,0
DA:23,0
DA:24,0
DA:25,0
DA:28,0
DA:32,0
DA:33,0
DA:34,0
DA:35,0
DA:40,0
DA:43,0
DA:48,0
DA:49,0
DA:53,0
DA:54,0
DA:55,0
DA:57,0
DA:58,0
DA:59,0
LF:31
LH:12
BRDA:21,0,0,0
BRDA:23,1,0,0
BRDA:37,2,0,0
BRDA:37,2,1,0
BRF:4
BRH:0
end_of_record
