TN:
SF:src/app.ts
FNF:0
FNH:0
DA:1,0
DA:2,0
DA:3,0
DA:4,0
DA:7,0
DA:8,0
DA:10,0
DA:11,0
DA:13,0
DA:16,0
DA:17,0
DA:18,0
DA:19,0
DA:22,0
DA:25,0
DA:26,0
DA:28,0
DA:30,0
LF:18
LH:0
BRF:0
BRH:0
end_of_record
TN:
SF:src/server.ts
FN:11,startServer
FN:14,(anonymous_2)
FN:17,(anonymous_3)
FN:27,(anonymous_4)
FNF:4
FNH:0
FNDA:0,startServer
FNDA:0,(anonymous_2)
FNDA:0,(anonymous_3)
FNDA:0,(anonymous_4)
DA:2,0
DA:3,0
DA:4,0
DA:5,0
DA:7,0
DA:9,0
DA:12,0
DA:13,0
DA:15,0
DA:18,0
DA:22,0
DA:23,0
DA:24,0
DA:27,0
DA:28,0
DA:32,0
DA:34,0
LF:17
LH:0
BRDA:9,0,0,0
BRDA:9,0,1,0
BRF:2
BRH:0
end_of_record
TN:
SF:src/config/db.ts
FN:27,(anonymous_1)
FN:28,(anonymous_2)
FNF:2
FNH:2
FNDA:1,(anonymous_1)
FNDA:1,(anonymous_2)
DA:1,2
DA:2,2
DA:4,2
DA:6,2
DA:25,2
DA:27,1
DA:28,1
LF:7
LH:7
BRF:0
BRH:0
end_of_record
TN:
SF:src/config/mongo.ts
FN:4,(anonymous_1)
FNF:1
FNH:1
FNDA:3,(anonymous_1)
DA:2,3
DA:4,3
DA:5,3
DA:6,3
DA:8,3
DA:9,1
DA:12,2
DA:17,1
DA:19,2
DA:20,2
DA:24,3
LF:11
LH:11
BRDA:8,0,0,1
BRF:1
BRH:1
end_of_record
TN:
SF:src/config/swagger.ts
FN:24,setupSwagger
FN:29,(anonymous_2)
FNF:2
FNH:2
FNDA:3,setupSwagger
FNDA:1,(anonymous_2)
DA:1,1
DA:2,1
DA:4,1
DA:6,1
DA:22,1
DA:24,1
DA:25,3
DA:27,3
DA:29,3
DA:30,1
DA:31,1
DA:34,3
DA:35,3
LF:13
LH:13
BRF:0
BRH:0
end_of_record
TN:
SF:src/errors/bad-request-error.ts
FN:5,(anonymous_0)
FNF:1
FNH:1
FNDA:3,(anonymous_0)
DA:1,2
DA:6,3
DA:7,3
DA:8,3
DA:10,3
DA:11,1
DA:14,3
LF:7
LH:7
BRDA:10,0,0,1
BRF:1
BRH:1
end_of_record
TN:
SF:src/errors/conflict-error.ts
FN:5,(anonymous_0)
FNF:1
FNH:1
FNDA:3,(anonymous_0)
DA:1,2
DA:6,3
DA:7,3
DA:8,3
DA:10,3
DA:11,1
DA:14,3
LF:7
LH:7
BRDA:10,0,0,1
BRF:1
BRH:1
end_of_record
TN:
SF:src/errors/not-authorized-error.ts
FN:5,(anonymous_0)
FNF:1
FNH:1
FNDA:3,(anonymous_0)
DA:1,2
DA:6,3
DA:7,3
DA:8,3
DA:10,3
DA:11,1
DA:13,3
LF:7
LH:7
BRDA:10,0,0,1
BRF:1
BRH:1
end_of_record
TN:
SF:src/errors/not-found-error.ts
FN:5,(anonymous_0)
FNF:1
FNH:1
FNDA:3,(anonymous_0)
DA:1,2
DA:7,3
DA:8,3
DA:9,3
DA:12,3
DA:13,1
DA:17,3
LF:7
LH:7
BRDA:12,0,0,1
BRF:1
BRH:1
end_of_record
TN:
SF:src/middlewares/errorHandler.ts
FN:3,errorHandler
FNF:1
FNH:1
FNDA:5,errorHandler
DA:3,2
DA:9,5
DA:11,5
DA:12,5
DA:14,5
LF:5
LH:5
BRDA:11,0,0,5
BRDA:11,0,1,1
BRDA:12,1,0,5
BRDA:12,1,1,1
BRDA:15,2,0,5
BRDA:15,2,1,0
BRF:6
BRH:5
end_of_record
TN:
SF:src/routes/root.route.ts
FN:42,(anonymous_1)
FN:110,(anonymous_2)
FN:114,(anonymous_3)
FN:115,(anonymous_4)
FNF:4
FNH:4
FNDA:1,(anonymous_1)
FNDA:4,(anonymous_2)
FNDA:3,(anonymous_3)
FNDA:1,(anonymous_4)
DA:1,1
DA:2,1
DA:3,1
DA:5,1
DA:42,1
DA:43,1
DA:110,1
DA:112,4
DA:114,3
DA:115,1
DA:118,4
DA:119,4
DA:120,3
DA:121,3
DA:122,2
DA:124,1
DA:128,4
DA:130,4
DA:143,1
LF:19
LH:19
BRDA:45,0,0,1
BRDA:45,0,1,0
BRDA:119,1,0,3
BRDA:119,2,0,4
BRDA:119,2,1,3
BRDA:128,3,0,1
BRDA:128,3,1,3
BRDA:128,4,0,4
BRDA:128,4,1,3
BRDA:130,5,0,1
BRDA:130,5,1,3
BRDA:133,6,0,3
BRDA:133,6,1,1
BRDA:134,7,0,2
BRDA:134,7,1,2
BRDA:137,8,0,1
BRDA:137,8,1,3
BRF:17
BRH:16
end_of_record
TN:
SF:src/routes/test.route.ts
FN:22,(anonymous_0)
FN:40,(anonymous_1)
FN:58,(anonymous_2)
FN:76,(anonymous_3)
FNF:4
FNH:4
FNDA:1,(anonymous_0)
FNDA:1,(anonymous_1)
FNDA:1,(anonymous_2)
FNDA:1,(anonymous_3)
DA:1,1
DA:2,1
DA:3,1
DA:4,1
DA:5,1
DA:7,1
DA:20,1
DA:23,1
DA:38,1
DA:41,1
DA:56,1
DA:59,1
DA:74,1
DA:77,1
DA:81,1
LF:15
LH:15
BRF:0
BRH:0
end_of_record
